2014/02/11 14:11:02 [error] [exception.CHttpException.403] exception 'CHttpException' with message 'You are not authorized to perform this action.' in /var/www/authUser/framework/web/auth/CAccessControlFilter.php:182
Stack trace:
#0 /var/www/authUser/framework/web/auth/CAccessControlFilter.php(145): CAccessControlFilter->accessDenied(Object(WebUser), 'You are not aut...')
#1 /var/www/authUser/framework/web/filters/CFilter.php(38): CAccessControlFilter->preFilter(Object(CFilterChain))
#2 /var/www/authUser/framework/web/CController.php(1145): CFilter->filter(Object(CFilterChain))
#3 /var/www/authUser/framework/web/filters/CInlineFilter.php(58): CController->filterAccessControl(Object(CFilterChain))
#4 /var/www/authUser/framework/web/filters/CFilterChain.php(130): CInlineFilter->filter(Object(CFilterChain))
#5 /var/www/authUser/framework/web/CController.php(291): CFilterChain->run()
#6 /var/www/authUser/framework/web/CController.php(265): CController->runActionWithFilters(Object(CInlineAction), Array)
#7 /var/www/authUser/framework/web/CWebApplication.php(282): CController->run('admin')
#8 /var/www/authUser/framework/web/CWebApplication.php(141): CWebApplication->runController('user/admin')
#9 /var/www/authUser/framework/base/CApplication.php(180): CWebApplication->processRequest()
#10 /var/www/authUser/index.php(13): CApplication->run()
#11 {main}
REQUEST_URI=/authUser/index.php?r=user/admin
HTTP_REFERER=http://localhost/authUser/index.php?r=user
---
2014/02/11 14:13:31 [error] [exception.CHttpException.403] exception 'CHttpException' with message 'You are not authorized to perform this action.' in /var/www/authUser/framework/web/auth/CAccessControlFilter.php:182
Stack trace:
#0 /var/www/authUser/framework/web/auth/CAccessControlFilter.php(145): CAccessControlFilter->accessDenied(Object(WebUser), 'You are not aut...')
#1 /var/www/authUser/framework/web/filters/CFilter.php(38): CAccessControlFilter->preFilter(Object(CFilterChain))
#2 /var/www/authUser/framework/web/CController.php(1145): CFilter->filter(Object(CFilterChain))
#3 /var/www/authUser/framework/web/filters/CInlineFilter.php(58): CController->filterAccessControl(Object(CFilterChain))
#4 /var/www/authUser/framework/web/filters/CFilterChain.php(130): CInlineFilter->filter(Object(CFilterChain))
#5 /var/www/authUser/framework/web/CController.php(291): CFilterChain->run()
#6 /var/www/authUser/framework/web/CController.php(265): CController->runActionWithFilters(Object(CInlineAction), Array)
#7 /var/www/authUser/framework/web/CWebApplication.php(282): CController->run('admin')
#8 /var/www/authUser/framework/web/CWebApplication.php(141): CWebApplication->runController('user/admin')
#9 /var/www/authUser/framework/base/CApplication.php(180): CWebApplication->processRequest()
#10 /var/www/authUser/index.php(13): CApplication->run()
#11 {main}
REQUEST_URI=/authUser/index.php?r=user/admin
HTTP_REFERER=http://localhost/authUser/index.php?r=site/contact
---
2014/02/11 14:13:35 [error] [exception.CHttpException.403] exception 'CHttpException' with message 'You are not authorized to perform this action.' in /var/www/authUser/framework/web/auth/CAccessControlFilter.php:182
Stack trace:
#0 /var/www/authUser/framework/web/auth/CAccessControlFilter.php(145): CAccessControlFilter->accessDenied(Object(WebUser), 'You are not aut...')
#1 /var/www/authUser/framework/web/filters/CFilter.php(38): CAccessControlFilter->preFilter(Object(CFilterChain))
#2 /var/www/authUser/framework/web/CController.php(1145): CFilter->filter(Object(CFilterChain))
#3 /var/www/authUser/framework/web/filters/CInlineFilter.php(58): CController->filterAccessControl(Object(CFilterChain))
#4 /var/www/authUser/framework/web/filters/CFilterChain.php(130): CInlineFilter->filter(Object(CFilterChain))
#5 /var/www/authUser/framework/web/CController.php(291): CFilterChain->run()
#6 /var/www/authUser/framework/web/CController.php(265): CController->runActionWithFilters(Object(CInlineAction), Array)
#7 /var/www/authUser/framework/web/CWebApplication.php(282): CController->run('admin')
#8 /var/www/authUser/framework/web/CWebApplication.php(141): CWebApplication->runController('user/admin')
#9 /var/www/authUser/framework/base/CApplication.php(180): CWebApplication->processRequest()
#10 /var/www/authUser/index.php(13): CApplication->run()
#11 {main}
REQUEST_URI=/authUser/index.php?r=user/admin
HTTP_REFERER=http://localhost/authUser/index.php?r=site/contact
---
